{"level":"error","message":"\nInvalid `prisma.users.create()` invocation in\nC:\\Users\\kanaka\\Documents\\Training\\BACKEND\\TechReel\\backend\\repository\\user.repository.ts:11:45\n\n   8 \n   9 create = async (data: any) => {\n  10     try {\n→ 11         const user = await prisma.users.create(\nUnique constraint failed on the fields: (`email`)","timestamp":"2026-03-16 12:03:01"}
{"level":"error","message":"\nInvalid `prisma.users.create()` invocation in\nC:\\Users\\kanaka\\Documents\\Training\\BACKEND\\TechReel\\backend\\repository\\user.repository.ts:11:45\n\n   8 \n   9 create = async (data: any) => {\n  10     try {\n→ 11         const user = await prisma.users.create(\nUnique constraint failed on the fields: (`email`)","timestamp":"2026-03-16 12:05:47"}
{"level":"error","message":"\nInvalid `prisma.users.create()` invocation in\nC:\\Users\\kanaka\\Documents\\Training\\BACKEND\\TechReel\\backend\\repository\\user.repository.ts:11:45\n\n   8 \n   9 create = async (data: any) => {\n  10     try {\n→ 11         const user = await prisma.users.create(\nUnique constraint failed on the fields: (`email`)","timestamp":"2026-03-16 12:06:35"}
{"level":"error","message":"\nInvalid `prisma.users.create()` invocation in\nC:\\Users\\kanaka\\Documents\\Training\\BACKEND\\TechReel\\backend\\repository\\user.repository.ts:11:45\n\n   8 \n   9 create = async (data: any) => {\n  10     try {\n→ 11         const user = await prisma.users.create(\nUnique constraint failed on the fields: (`email`)","timestamp":"2026-03-16 12:07:34"}
{"level":"error","message":"Forbidden!","status":403,"timestamp":"2026-03-16 12:53:53"}
{"ip":"::1","level":"error","message":"Forbidden!","status":403,"timestamp":"2026-03-16 12:54:24"}
{"ip":"::1","level":"error","message":"\nInvalid `prisma.$queryRaw()` invocation:\n\n\nRaw query failed. Code: `42P01`. Message: `relation \"refres_tokens\" does not exist`","timestamp":"2026-03-16 14:05:34"}
{"ip":"::1","level":"error","message":"Forbidden!","status":403,"timestamp":"2026-03-16 14:05:49"}
{"ip":"::1","level":"error","message":"Forbidden!","status":403,"timestamp":"2026-03-16 14:06:30"}
{"ip":"::1","level":"error","message":"Forbidden!","status":403,"timestamp":"2026-03-16 14:08:20"}
{"ip":"::1","level":"error","message":"Forbidden!","status":403,"timestamp":"2026-03-16 14:09:30"}
{"ip":"::1","level":"error","message":"Forbidden!","status":403,"timestamp":"2026-03-16 14:10:51"}
{"ip":"::1","level":"error","message":"Forbidden!","status":403,"timestamp":"2026-03-16 14:12:12"}
{"ip":"::1","level":"error","message":"Forbidden!","status":403,"timestamp":"2026-03-16 14:15:37"}
{"ip":"::1","level":"error","message":"Forbidden!","status":403,"timestamp":"2026-03-16 14:19:06"}
{"ip":"::1","level":"error","message":"Forbidden!","status":403,"timestamp":"2026-03-16 14:20:58"}
{"ip":"::1","level":"error","message":"Forbidden!","status":403,"timestamp":"2026-03-16 14:21:26"}
{"ip":"::1","level":"error","message":"Forbidden!","status":403,"timestamp":"2026-03-16 14:23:22"}
{"ip":"::1","level":"error","message":"Forbidden!","status":403,"timestamp":"2026-03-16 14:24:18"}
{"ip":"::1","level":"error","message":"Forbidden!","status":403,"timestamp":"2026-03-16 14:27:49"}
{"ip":"::1","level":"error","message":"Forbidden!","status":403,"timestamp":"2026-03-16 14:31:45"}
{"ip":"::1","level":"error","message":"\nInvalid `tx.refresh_tokens.update()` invocation in\nC:\\Users\\kanaka\\Documents\\Training\\BACKEND\\TechReel\\backend\\repository\\auth.repository.ts:56:41\n\n  53 }\n  54 \n  55 // 5. Mark current token as used\n→ 56 await tx.refresh_tokens.update(\nAn operation failed because it depends on one or more records that were required but not found. No record was found for an update.","status":500,"timestamp":"2026-03-16 14:33:09"}
{"ip":"::1","level":"error","message":"Forbidden!","status":403,"timestamp":"2026-03-16 14:36:00"}
{"ip":"::1","level":"error","message":"Forbidden!","status":403,"timestamp":"2026-03-16 15:12:55"}
{"ip":"::1","level":"error","message":"Unknown authentication strategy \"google\"","timestamp":"2026-03-16 16:52:25"}
{"ip":"::1","level":"error","message":"Failed to obtain access token","timestamp":"2026-03-16 17:42:36"}
{"ip":"::1","level":"error","message":"Failed to obtain access token","timestamp":"2026-03-16 17:42:47"}
{"ip":"::1","level":"error","message":"Failed to obtain access token","timestamp":"2026-03-16 17:43:46"}
{"ip":"::1","level":"error","message":"Failed to obtain access token","timestamp":"2026-03-16 17:44:00"}
{"ip":"::1","level":"error","message":"jwt malformed","timestamp":"2026-03-17 10:50:03"}
{"ip":"::1","level":"error","message":"jwt malformed","timestamp":"2026-03-17 11:08:30"}
{"ip":"::1","level":"error","message":"Invalid element at key \"error\": expected a Zod schema","timestamp":"2026-03-17 11:09:17"}
{"ip":"::1","level":"error","message":"Invalid element at key \"error\": expected a Zod schema","timestamp":"2026-03-17 11:10:37"}
{"ip":"::1","level":"error","message":"Forbidden!","status":403,"timestamp":"2026-03-17 11:11:49"}
{"ip":"::1","level":"error","message":"Forbidden!","status":403,"timestamp":"2026-03-17 15:49:05"}
{"ip":"::1","level":"error","message":"Please provide valid data","status":400,"timestamp":"2026-03-17 15:50:25"}
{"level":"error","message":"","timestamp":"2026-03-17 16:39:03"}
{"ip":"::1","level":"error","message":"\nInvalid `prisma.skills.create()` invocation in\nC:\\Users\\kanaka\\Documents\\Training\\BACKEND\\TechReel\\backend\\repository\\skill.repository.ts:6:43\n\n  3 \n  4 class SkillRepository {\n  5     create = async (data: SkillData) : Promise<Skill> => {\n→ 6         const skill = await prisma.skills.create(\nUnique constraint failed on the fields: (`name`)","timestamp":"2026-03-17 17:21:49"}
{"level":"error","message":"","timestamp":"2026-03-18 10:23:46"}
{"ip":"::1","level":"error","message":"Forbidden!","status":403,"timestamp":"2026-03-20 12:09:27"}
{"ip":"::1","level":"error","message":"Forbidden!","status":403,"timestamp":"2026-03-20 12:36:20"}
{"ip":"::1","level":"error","message":"Forbidden!","status":403,"timestamp":"2026-03-20 12:40:55"}
{"ip":"::1","level":"error","message":"Forbidden!","status":403,"timestamp":"2026-03-20 12:45:50"}
{"ip":"::1","level":"error","message":"Forbidden!","status":403,"timestamp":"2026-03-20 12:51:00"}
{"ip":"::1","level":"error","message":"\nInvalid `prisma.reels.update()` invocation in\nC:\\Users\\kanaka\\Documents\\Training\\BACKEND\\TechReel\\backend\\repository\\reel.repository.ts:18:41\n\n  15 }\n  16 \n  17 updateStatus = async (status: status, id: string) : Promise<Reel> => {\n→ 18     const reel = await prisma.reels.update({\n           where: {\n             id: \"1773988924482-sample\",\n             deleted_at: null\n           },\n           data: {\n             status: \"READY\"\n                     ~~~~~~~\n           }\n         })\n\nInvalid value for argument `status`. Expected status.","timestamp":"2026-03-20 12:56:26"}
{"ip":"::1","level":"error","message":"[\n  {\n    \"code\": \"invalid_value\",\n    \"values\": [\n      \"UPLOADED\",\n      \"PENDING\",\n      \"FAILED\"\n    ],\n    \"path\": [\n      \"status\"\n    ],\n    \"message\": \"Invalid option: expected one of \\\"UPLOADED\\\"|\\\"PENDING\\\"|\\\"FAILED\\\"\"\n  }\n]","timestamp":"2026-03-20 14:08:08"}
{"ip":"::1","level":"error","message":"\nInvalid `prisma.reels.update()` invocation in\nC:\\Users\\kanaka\\Documents\\Training\\BACKEND\\TechReel\\backend\\repository\\reel.repository.ts:18:41\n\n  15 }\n  16 \n  17 updateStatus = async (status: status, id: string) : Promise<Reel> => {\n→ 18     const reel = await prisma.reels.update(\nInvalid input value: invalid input syntax for type uuid: \"1773988924482-sample\"","timestamp":"2026-03-20 14:12:09"}
{"ip":"::1","level":"error","message":"Forbidden!","status":403,"timestamp":"2026-03-20 14:48:03"}
{"ip":"::1","level":"error","message":"[\n  {\n    \"expected\": \"string\",\n    \"code\": \"invalid_type\",\n    \"path\": [\n      \"reelId\"\n    ],\n    \"message\": \"Invalid input: expected string, received undefined\"\n  }\n]","timestamp":"2026-03-20 15:10:40"}
{"ip":"::1","level":"error","message":"[\n  {\n    \"expected\": \"string\",\n    \"code\": \"invalid_type\",\n    \"path\": [\n      \"reelId\"\n    ],\n    \"message\": \"Invalid input: expected string, received undefined\"\n  }\n]","timestamp":"2026-03-20 15:15:32"}
{"ip":"::1","level":"error","message":"[\n  {\n    \"expected\": \"string\",\n    \"code\": \"invalid_type\",\n    \"path\": [\n      \"reelId\"\n    ],\n    \"message\": \"Invalid input: expected string, received undefined\"\n  }\n]","timestamp":"2026-03-20 15:21:56"}
{"ip":"::1","level":"error","message":"[\n  {\n    \"code\": \"invalid_value\",\n    \"values\": [\n      \"UPLOADED\",\n      \"PENDING\",\n      \"FAILED\"\n    ],\n    \"path\": [\n      \"status\"\n    ],\n    \"message\": \"Invalid option: expected one of \\\"UPLOADED\\\"|\\\"PENDING\\\"|\\\"FAILED\\\"\"\n  }\n]","timestamp":"2026-03-20 15:45:33"}
{"ip":"::1","level":"error","message":"[\n  {\n    \"code\": \"invalid_value\",\n    \"values\": [\n      \"UPLOADED\",\n      \"PENDING\",\n      \"FAILED\"\n    ],\n    \"path\": [\n      \"status\"\n    ],\n    \"message\": \"Invalid option: expected one of \\\"UPLOADED\\\"|\\\"PENDING\\\"|\\\"FAILED\\\"\"\n  }\n]","timestamp":"2026-03-20 15:57:39"}
{"ip":"::1","level":"error","message":"Forbidden!","status":403,"timestamp":"2026-03-20 17:04:57"}
